2025-06-20 21:07:05 [::1][33][75ri1oo5r58p4of9jj6t9at4g5][error][yii\web\HttpException:404] exception 'yii\base\InvalidRouteException' with message 'Unable to resolve the request "uploaded_files/aplikasi/favicon.png".' in C:\xampp\htdocs\inlislite3\vendor\yiisoft\yii2\base\Module.php:460
Stack trace:
#0 C:\xampp\htdocs\inlislite3\vendor\yiisoft\yii2\web\Application.php(84): yii\base\Module->runAction('uploaded_files/...', Array)
#1 C:\xampp\htdocs\inlislite3\vendor\yiisoft\yii2\base\Application.php(375): yii\web\Application->handleRequest(Object(yii\web\Request))
#2 C:\xampp\htdocs\inlislite3\backend\index.php(18): yii\base\Application->run()
#3 {main}

Next exception 'yii\web\NotFoundHttpException' with message 'Halaman tidak ditemukan.' in C:\xampp\htdocs\inlislite3\vendor\yiisoft\yii2\web\Application.php:96
Stack trace:
#0 C:\xampp\htdocs\inlislite3\vendor\yiisoft\yii2\base\Application.php(375): yii\web\Application->handleRequest(Object(yii\web\Request))
#1 C:\xampp\htdocs\inlislite3\backend\index.php(18): yii\base\Application->run()
#2 {main}
2025-06-20 21:07:05 [::1][33][75ri1oo5r58p4of9jj6t9at4g5][info][application] $_COOKIE = [
    'PHPSESSID' => 'qv02b7p4aod917kf5ckgv1erm0'
    '_csrf' => 'e5e024bb0657fe80a1d43d30e523fe650bc20abcda978593c2a503467a22b454a:2:{i:0;s:5:\"_csrf\";i:1;s:32:\"MwWUmjIE389F-cuz2SeP8NvYXxxm4Qnk\";}'
    '_backendInlislite' => '98fd34e6de567bb947c72655d37bffd709b75ea03a0a35f4122f69d46ffc3a29a:2:{i:0;s:17:\"_backendInlislite\";i:1;s:32:\"e_ZJMNkXuHbm625k7wdH2EyKnyvnkQPs\";}'
    'backendSession' => '75ri1oo5r58p4of9jj6t9at4g5'
    '_identity' => 'af3e2a0e951dec577795a0c5ffd91cd682a11d709a13aa959f261807f7b4af33a:2:{i:0;s:9:\"_identity\";i:1;s:17:\"[33,null,2592000]\";}'
]

$_SESSION = [
    '__flash' => []
    '__returnUrl' => '/inlislite3/backend/'
    'location' => '1'
    '__id' => 33
]

$_SERVER = [
    'REDIRECT_MIBDIRS' => 'C:/xampp/php/extras/mibs'
    'REDIRECT_MYSQL_HOME' => '\\xampp\\mysql\\bin'
    'REDIRECT_OPENSSL_CONF' => 'C:/xampp/apache/bin/openssl.cnf'
    'REDIRECT_PHP_PEAR_SYSCONF_DIR' => '\\xampp\\php'
    'REDIRECT_PHPRC' => '\\xampp\\php'
    'REDIRECT_TMP' => '\\xampp\\tmp'
    'REDIRECT_STATUS' => '200'
    'MIBDIRS' => 'C:/xampp/php/extras/mibs'
    'MYSQL_HOME' => '\\xampp\\mysql\\bin'
    'OPENSSL_CONF' => 'C:/xampp/apache/bin/openssl.cnf'
    'PHP_PEAR_SYSCONF_DIR' => '\\xampp\\php'
    'PHPRC' => '\\xampp\\php'
    'TMP' => '\\xampp\\tmp'
    'HTTP_HOST' => 'localhost'
    'HTTP_CONNECTION' => 'keep-alive'
    'HTTP_SEC_CH_UA_PLATFORM' => '\"Windows\"'
    'HTTP_USER_AGENT' => 'Mozilla/5.0 (Windows NT 10.0; Win64; x64) AppleWebKit/537.36 (KHTML, like Gecko) Chrome/137.0.0.0 Safari/537.36 Edg/137.0.0.0'
    'HTTP_SEC_CH_UA' => '\"Microsoft Edge\";v=\"137\", \"Chromium\";v=\"137\", \"Not/A)Brand\";v=\"24\"'
    'HTTP_SEC_CH_UA_MOBILE' => '?0'
    'HTTP_ACCEPT' => 'image/avif,image/webp,image/apng,image/svg+xml,image/*,*/*;q=0.8'
    'HTTP_SEC_FETCH_SITE' => 'same-origin'
    'HTTP_SEC_FETCH_MODE' => 'no-cors'
    'HTTP_SEC_FETCH_DEST' => 'image'
    'HTTP_REFERER' => 'http://localhost/inlislite3/backend/'
    'HTTP_ACCEPT_ENCODING' => 'gzip, deflate, br, zstd'
    'HTTP_ACCEPT_LANGUAGE' => 'en-GB,en;q=0.9,en-US;q=0.8'
    'HTTP_COOKIE' => 'PHPSESSID=qv02b7p4aod917kf5ckgv1erm0; _csrf=e5e024bb0657fe80a1d43d30e523fe650bc20abcda978593c2a503467a22b454a%3A2%3A%7Bi%3A0%3Bs%3A5%3A%22_csrf%22%3Bi%3A1%3Bs%3A32%3A%22MwWUmjIE389F-cuz2SeP8NvYXxxm4Qnk%22%3B%7D; _backendInlislite=98fd34e6de567bb947c72655d37bffd709b75ea03a0a35f4122f69d46ffc3a29a%3A2%3A%7Bi%3A0%3Bs%3A17%3A%22_backendInlislite%22%3Bi%3A1%3Bs%3A32%3A%22e_ZJMNkXuHbm625k7wdH2EyKnyvnkQPs%22%3B%7D; backendSession=75ri1oo5r58p4of9jj6t9at4g5; _identity=af3e2a0e951dec577795a0c5ffd91cd682a11d709a13aa959f261807f7b4af33a%3A2%3A%7Bi%3A0%3Bs%3A9%3A%22_identity%22%3Bi%3A1%3Bs%3A17%3A%22%5B33%2Cnull%2C2592000%5D%22%3B%7D'
    'PATH' => 'C:\\Windows\\system32;C:\\Windows;C:\\Windows\\System32\\Wbem;C:\\Windows\\System32\\WindowsPowerShell\\v1.0\\;C:\\Windows\\System32\\OpenSSH\\;C:\\Program Files\\php-8.3.20-nts-Win32-vs16-x64;C:\\ProgramData\\ComposerSetup\\bin;C:\\Program Files\\Git\\cmd;C:\\Program Files\\Docker\\Docker\\resources\\bin;C:\\Program Files\\Go\\bin;C:\\Users\\dukeo\\AppData\\Local\\Microsoft\\WindowsApps;C:\\Users\\dukeo\\AppData\\Local\\Programs\\Microsoft VS Code\\bin;C:\\Users\\dukeo\\AppData\\Roaming\\Composer\\vendor\\bin;C:\\Users\\dukeo\\go\\bin'
    'SystemRoot' => 'C:\\Windows'
    'COMSPEC' => 'C:\\Windows\\system32\\cmd.exe'
    'PATHEXT' => '.COM;.EXE;.BAT;.CMD;.VBS;.VBE;.JS;.JSE;.WSF;.WSH;.MSC'
    'WINDIR' => 'C:\\Windows'
    'SERVER_SIGNATURE' => '<address>Apache/2.4.37 (Win32) OpenSSL/1.0.2p PHP/5.6.39 Server at localhost Port 80</address>
'
    'SERVER_SOFTWARE' => 'Apache/2.4.37 (Win32) OpenSSL/1.0.2p PHP/5.6.39'
    'SERVER_NAME' => 'localhost'
    'SERVER_ADDR' => '::1'
    'SERVER_PORT' => '80'
    'REMOTE_ADDR' => '::1'
    'DOCUMENT_ROOT' => 'C:/xampp/htdocs'
    'REQUEST_SCHEME' => 'http'
    'CONTEXT_PREFIX' => ''
    'CONTEXT_DOCUMENT_ROOT' => 'C:/xampp/htdocs'
    'SERVER_ADMIN' => 'postmaster@localhost'
    'SCRIPT_FILENAME' => 'C:/xampp/htdocs/inlislite3/backend/index.php'
    'REMOTE_PORT' => '49246'
    'REDIRECT_URL' => '/inlislite3/backend/uploaded_files/aplikasi/favicon.png'
    'GATEWAY_INTERFACE' => 'CGI/1.1'
    'SERVER_PROTOCOL' => 'HTTP/1.1'
    'REQUEST_METHOD' => 'GET'
    'QUERY_STRING' => ''
    'REQUEST_URI' => '/inlislite3/backend/uploaded_files/aplikasi/favicon.png'
    'SCRIPT_NAME' => '/inlislite3/backend/index.php'
    'PHP_SELF' => '/inlislite3/backend/index.php'
    'REQUEST_TIME_FLOAT' => 1750428424.733
    'REQUEST_TIME' => 1750428424
]
2025-06-23 12:06:58 [::1][33][v820en7kqivfiv8ta84tvhd2s0][error][yii\web\HttpException:404] exception 'yii\base\InvalidRouteException' with message 'Unable to resolve the request "uploaded_files/aplikasi/favicon.png".' in C:\xampp\htdocs\inlislite3\vendor\yiisoft\yii2\base\Module.php:460
Stack trace:
#0 C:\xampp\htdocs\inlislite3\vendor\yiisoft\yii2\web\Application.php(84): yii\base\Module->runAction('uploaded_files/...', Array)
#1 C:\xampp\htdocs\inlislite3\vendor\yiisoft\yii2\base\Application.php(375): yii\web\Application->handleRequest(Object(yii\web\Request))
#2 C:\xampp\htdocs\inlislite3\backend\index.php(18): yii\base\Application->run()
#3 {main}

Next exception 'yii\web\NotFoundHttpException' with message 'Halaman tidak ditemukan.' in C:\xampp\htdocs\inlislite3\vendor\yiisoft\yii2\web\Application.php:96
Stack trace:
#0 C:\xampp\htdocs\inlislite3\vendor\yiisoft\yii2\base\Application.php(375): yii\web\Application->handleRequest(Object(yii\web\Request))
#1 C:\xampp\htdocs\inlislite3\backend\index.php(18): yii\base\Application->run()
#2 {main}
2025-06-23 12:06:57 [::1][33][v820en7kqivfiv8ta84tvhd2s0][info][application] $_COOKIE = [
    '_identity' => 'af3e2a0e951dec577795a0c5ffd91cd682a11d709a13aa959f261807f7b4af33a:2:{i:0;s:9:\"_identity\";i:1;s:17:\"[33,null,2592000]\";}'
    'PHPSESSID' => 'fkgss98pur6gbfma7brm5mn2p5'
    '_csrf' => '4fe1ee2ee854c5e0cf98cef21dd3d2439e3adf3893047ed9baf8fbd2c8adc158a:2:{i:0;s:5:\"_csrf\";i:1;s:32:\"Op4j1eH7uhmN1fdYP2v8vsOVrwhI2HEE\";}'
    '_backendInlislite' => '2a433bda67aba674abf835b4ac827c9814ff214831a6aef3fedfc4aef06258c0a:2:{i:0;s:17:\"_backendInlislite\";i:1;s:32:\"wMm1EPZGRcb7fcXl9Cc36yIzTOP3ZJGd\";}'
    'backendSession' => 'v820en7kqivfiv8ta84tvhd2s0'
]

$_SESSION = [
    '__flash' => []
    '__returnUrl' => '/inlislite3/backend/'
    'location' => '1'
    '__id' => 33
]

$_SERVER = [
    'REDIRECT_MIBDIRS' => 'C:/xampp/php/extras/mibs'
    'REDIRECT_MYSQL_HOME' => '\\xampp\\mysql\\bin'
    'REDIRECT_OPENSSL_CONF' => 'C:/xampp/apache/bin/openssl.cnf'
    'REDIRECT_PHP_PEAR_SYSCONF_DIR' => '\\xampp\\php'
    'REDIRECT_PHPRC' => '\\xampp\\php'
    'REDIRECT_TMP' => '\\xampp\\tmp'
    'REDIRECT_STATUS' => '200'
    'MIBDIRS' => 'C:/xampp/php/extras/mibs'
    'MYSQL_HOME' => '\\xampp\\mysql\\bin'
    'OPENSSL_CONF' => 'C:/xampp/apache/bin/openssl.cnf'
    'PHP_PEAR_SYSCONF_DIR' => '\\xampp\\php'
    'PHPRC' => '\\xampp\\php'
    'TMP' => '\\xampp\\tmp'
    'HTTP_HOST' => 'localhost'
    'HTTP_CONNECTION' => 'keep-alive'
    'HTTP_SEC_CH_UA_PLATFORM' => '\"Windows\"'
    'HTTP_USER_AGENT' => 'Mozilla/5.0 (Windows NT 10.0; Win64; x64) AppleWebKit/537.36 (KHTML, like Gecko) Chrome/137.0.0.0 Safari/537.36 Edg/137.0.0.0'
    'HTTP_SEC_CH_UA' => '\"Microsoft Edge\";v=\"137\", \"Chromium\";v=\"137\", \"Not/A)Brand\";v=\"24\"'
    'HTTP_SEC_CH_UA_MOBILE' => '?0'
    'HTTP_ACCEPT' => 'image/avif,image/webp,image/apng,image/svg+xml,image/*,*/*;q=0.8'
    'HTTP_SEC_FETCH_SITE' => 'same-origin'
    'HTTP_SEC_FETCH_MODE' => 'no-cors'
    'HTTP_SEC_FETCH_DEST' => 'image'
    'HTTP_REFERER' => 'http://localhost/inlislite3/backend/'
    'HTTP_ACCEPT_ENCODING' => 'gzip, deflate, br, zstd'
    'HTTP_ACCEPT_LANGUAGE' => 'en-GB,en;q=0.9,en-US;q=0.8'
    'HTTP_COOKIE' => '_identity=af3e2a0e951dec577795a0c5ffd91cd682a11d709a13aa959f261807f7b4af33a%3A2%3A%7Bi%3A0%3Bs%3A9%3A%22_identity%22%3Bi%3A1%3Bs%3A17%3A%22%5B33%2Cnull%2C2592000%5D%22%3B%7D; PHPSESSID=fkgss98pur6gbfma7brm5mn2p5; _csrf=4fe1ee2ee854c5e0cf98cef21dd3d2439e3adf3893047ed9baf8fbd2c8adc158a%3A2%3A%7Bi%3A0%3Bs%3A5%3A%22_csrf%22%3Bi%3A1%3Bs%3A32%3A%22Op4j1eH7uhmN1fdYP2v8vsOVrwhI2HEE%22%3B%7D; _backendInlislite=2a433bda67aba674abf835b4ac827c9814ff214831a6aef3fedfc4aef06258c0a%3A2%3A%7Bi%3A0%3Bs%3A17%3A%22_backendInlislite%22%3Bi%3A1%3Bs%3A32%3A%22wMm1EPZGRcb7fcXl9Cc36yIzTOP3ZJGd%22%3B%7D; backendSession=v820en7kqivfiv8ta84tvhd2s0'
    'PATH' => 'C:\\Windows\\system32;C:\\Windows;C:\\Windows\\System32\\Wbem;C:\\Windows\\System32\\WindowsPowerShell\\v1.0\\;C:\\Windows\\System32\\OpenSSH\\;C:\\Program Files\\php-8.3.20-nts-Win32-vs16-x64;C:\\ProgramData\\ComposerSetup\\bin;C:\\Program Files\\Git\\cmd;C:\\Program Files\\Docker\\Docker\\resources\\bin;C:\\Program Files\\Go\\bin;C:\\Users\\dukeo\\AppData\\Local\\Microsoft\\WindowsApps;C:\\Users\\dukeo\\AppData\\Local\\Programs\\Microsoft VS Code\\bin;C:\\Users\\dukeo\\AppData\\Roaming\\Composer\\vendor\\bin;C:\\Users\\dukeo\\go\\bin'
    'SystemRoot' => 'C:\\Windows'
    'COMSPEC' => 'C:\\Windows\\system32\\cmd.exe'
    'PATHEXT' => '.COM;.EXE;.BAT;.CMD;.VBS;.VBE;.JS;.JSE;.WSF;.WSH;.MSC'
    'WINDIR' => 'C:\\Windows'
    'SERVER_SIGNATURE' => '<address>Apache/2.4.37 (Win32) OpenSSL/1.0.2p PHP/5.6.39 Server at localhost Port 80</address>
'
    'SERVER_SOFTWARE' => 'Apache/2.4.37 (Win32) OpenSSL/1.0.2p PHP/5.6.39'
    'SERVER_NAME' => 'localhost'
    'SERVER_ADDR' => '::1'
    'SERVER_PORT' => '80'
    'REMOTE_ADDR' => '::1'
    'DOCUMENT_ROOT' => 'C:/xampp/htdocs'
    'REQUEST_SCHEME' => 'http'
    'CONTEXT_PREFIX' => ''
    'CONTEXT_DOCUMENT_ROOT' => 'C:/xampp/htdocs'
    'SERVER_ADMIN' => 'postmaster@localhost'
    'SCRIPT_FILENAME' => 'C:/xampp/htdocs/inlislite3/backend/index.php'
    'REMOTE_PORT' => '50266'
    'REDIRECT_URL' => '/inlislite3/backend/uploaded_files/aplikasi/favicon.png'
    'GATEWAY_INTERFACE' => 'CGI/1.1'
    'SERVER_PROTOCOL' => 'HTTP/1.1'
    'REQUEST_METHOD' => 'GET'
    'QUERY_STRING' => ''
    'REQUEST_URI' => '/inlislite3/backend/uploaded_files/aplikasi/favicon.png'
    'SCRIPT_NAME' => '/inlislite3/backend/index.php'
    'PHP_SELF' => '/inlislite3/backend/index.php'
    'REQUEST_TIME_FLOAT' => 1750655217.505
    'REQUEST_TIME' => 1750655217
]
2025-06-25 13:11:10 [::1][33][-][error][yii\i18n\PhpMessageSource::loadFallbackMessages] The message file for category 'kvdate' does not exist: C:\xampp\htdocs\inlislite3\vendor\kartik-v\yii2-widget-datepicker/messages/idn/kvdate.php Fallback file does not exist as well: C:\xampp\htdocs\inlislite3\vendor\kartik-v\yii2-widget-datepicker/messages/id/kvdate.php
    in C:\xampp\htdocs\inlislite3\vendor\kartik-v\yii2-widget-datepicker\DatePicker.php:290
    in C:\xampp\htdocs\inlislite3\vendor\kartik-v\yii2-widget-datepicker\DatePicker.php:316
    in C:\xampp\htdocs\inlislite3\vendor\kartik-v\yii2-widget-datepicker\DatePicker.php:266
2025-06-25 13:11:06 [::1][33][-][info][application] $_COOKIE = [
    '_identity' => 'af3e2a0e951dec577795a0c5ffd91cd682a11d709a13aa959f261807f7b4af33a:2:{i:0;s:9:\"_identity\";i:1;s:17:\"[33,null,2592000]\";}'
    'PHPSESSID' => 'fkgss98pur6gbfma7brm5mn2p5'
    '_csrf' => '4fe1ee2ee854c5e0cf98cef21dd3d2439e3adf3893047ed9baf8fbd2c8adc158a:2:{i:0;s:5:\"_csrf\";i:1;s:32:\"Op4j1eH7uhmN1fdYP2v8vsOVrwhI2HEE\";}'
    '_backendInlislite' => '2a433bda67aba674abf835b4ac827c9814ff214831a6aef3fedfc4aef06258c0a:2:{i:0;s:17:\"_backendInlislite\";i:1;s:32:\"wMm1EPZGRcb7fcXl9Cc36yIzTOP3ZJGd\";}'
    'backendSession' => '20h74c31f8knp97pruk8s3n7s3'
]

$_SESSION = [
    '__flash' => []
    '__returnUrl' => '/inlislite3/backend/member/member/index'
    'location' => '1'
    '__id' => 33
]

$_SERVER = [
    'REDIRECT_MIBDIRS' => 'C:/xampp/php/extras/mibs'
    'REDIRECT_MYSQL_HOME' => '\\xampp\\mysql\\bin'
    'REDIRECT_OPENSSL_CONF' => 'C:/xampp/apache/bin/openssl.cnf'
    'REDIRECT_PHP_PEAR_SYSCONF_DIR' => '\\xampp\\php'
    'REDIRECT_PHPRC' => '\\xampp\\php'
    'REDIRECT_TMP' => '\\xampp\\tmp'
    'REDIRECT_STATUS' => '200'
    'MIBDIRS' => 'C:/xampp/php/extras/mibs'
    'MYSQL_HOME' => '\\xampp\\mysql\\bin'
    'OPENSSL_CONF' => 'C:/xampp/apache/bin/openssl.cnf'
    'PHP_PEAR_SYSCONF_DIR' => '\\xampp\\php'
    'PHPRC' => '\\xampp\\php'
    'TMP' => '\\xampp\\tmp'
    'HTTP_HOST' => 'localhost'
    'HTTP_CONNECTION' => 'keep-alive'
    'HTTP_SEC_CH_UA' => '\"Microsoft Edge\";v=\"137\", \"Chromium\";v=\"137\", \"Not/A)Brand\";v=\"24\"'
    'HTTP_SEC_CH_UA_MOBILE' => '?0'
    'HTTP_SEC_CH_UA_PLATFORM' => '\"Windows\"'
    'HTTP_UPGRADE_INSECURE_REQUESTS' => '1'
    'HTTP_USER_AGENT' => 'Mozilla/5.0 (Windows NT 10.0; Win64; x64) AppleWebKit/537.36 (KHTML, like Gecko) Chrome/137.0.0.0 Safari/537.36 Edg/137.0.0.0'
    'HTTP_ACCEPT' => 'text/html,application/xhtml+xml,application/xml;q=0.9,image/avif,image/webp,image/apng,*/*;q=0.8,application/signed-exchange;v=b3;q=0.7'
    'HTTP_SEC_FETCH_SITE' => 'same-origin'
    'HTTP_SEC_FETCH_MODE' => 'navigate'
    'HTTP_SEC_FETCH_USER' => '?1'
    'HTTP_SEC_FETCH_DEST' => 'document'
    'HTTP_REFERER' => 'http://localhost/inlislite3/backend/'
    'HTTP_ACCEPT_ENCODING' => 'gzip, deflate, br, zstd'
    'HTTP_ACCEPT_LANGUAGE' => 'en-GB,en;q=0.9,en-US;q=0.8'
    'HTTP_COOKIE' => '_identity=af3e2a0e951dec577795a0c5ffd91cd682a11d709a13aa959f261807f7b4af33a%3A2%3A%7Bi%3A0%3Bs%3A9%3A%22_identity%22%3Bi%3A1%3Bs%3A17%3A%22%5B33%2Cnull%2C2592000%5D%22%3B%7D; PHPSESSID=fkgss98pur6gbfma7brm5mn2p5; _csrf=4fe1ee2ee854c5e0cf98cef21dd3d2439e3adf3893047ed9baf8fbd2c8adc158a%3A2%3A%7Bi%3A0%3Bs%3A5%3A%22_csrf%22%3Bi%3A1%3Bs%3A32%3A%22Op4j1eH7uhmN1fdYP2v8vsOVrwhI2HEE%22%3B%7D; _backendInlislite=2a433bda67aba674abf835b4ac827c9814ff214831a6aef3fedfc4aef06258c0a%3A2%3A%7Bi%3A0%3Bs%3A17%3A%22_backendInlislite%22%3Bi%3A1%3Bs%3A32%3A%22wMm1EPZGRcb7fcXl9Cc36yIzTOP3ZJGd%22%3B%7D; backendSession=20h74c31f8knp97pruk8s3n7s3'
    'PATH' => 'C:\\Windows\\system32;C:\\Windows;C:\\Windows\\System32\\Wbem;C:\\Windows\\System32\\WindowsPowerShell\\v1.0\\;C:\\Windows\\System32\\OpenSSH\\;C:\\Program Files\\php-8.3.20-nts-Win32-vs16-x64;C:\\ProgramData\\ComposerSetup\\bin;C:\\Program Files\\Git\\cmd;C:\\Program Files\\Docker\\Docker\\resources\\bin;C:\\Program Files\\Go\\bin;C:\\Users\\dukeo\\AppData\\Local\\Microsoft\\WindowsApps;C:\\Users\\dukeo\\AppData\\Local\\Programs\\Microsoft VS Code\\bin;C:\\Users\\dukeo\\AppData\\Roaming\\Composer\\vendor\\bin;C:\\Users\\dukeo\\go\\bin'
    'SystemRoot' => 'C:\\Windows'
    'COMSPEC' => 'C:\\Windows\\system32\\cmd.exe'
    'PATHEXT' => '.COM;.EXE;.BAT;.CMD;.VBS;.VBE;.JS;.JSE;.WSF;.WSH;.MSC'
    'WINDIR' => 'C:\\Windows'
    'SERVER_SIGNATURE' => '<address>Apache/2.4.37 (Win32) OpenSSL/1.0.2p PHP/5.6.39 Server at localhost Port 80</address>
'
    'SERVER_SOFTWARE' => 'Apache/2.4.37 (Win32) OpenSSL/1.0.2p PHP/5.6.39'
    'SERVER_NAME' => 'localhost'
    'SERVER_ADDR' => '::1'
    'SERVER_PORT' => '80'
    'REMOTE_ADDR' => '::1'
    'DOCUMENT_ROOT' => 'C:/xampp/htdocs'
    'REQUEST_SCHEME' => 'http'
    'CONTEXT_PREFIX' => ''
    'CONTEXT_DOCUMENT_ROOT' => 'C:/xampp/htdocs'
    'SERVER_ADMIN' => 'postmaster@localhost'
    'SCRIPT_FILENAME' => 'C:/xampp/htdocs/inlislite3/backend/index.php'
    'REMOTE_PORT' => '50428'
    'REDIRECT_URL' => '/inlislite3/backend/member/member/create'
    'GATEWAY_INTERFACE' => 'CGI/1.1'
    'SERVER_PROTOCOL' => 'HTTP/1.1'
    'REQUEST_METHOD' => 'GET'
    'QUERY_STRING' => ''
    'REQUEST_URI' => '/inlislite3/backend/member/member/create'
    'SCRIPT_NAME' => '/inlislite3/backend/index.php'
    'PHP_SELF' => '/inlislite3/backend/index.php'
    'REQUEST_TIME_FLOAT' => 1750831866.25
    'REQUEST_TIME' => 1750831866
]
2025-06-25 13:11:10 [::1][33][-][error][yii\i18n\PhpMessageSource::loadFallbackMessages] The message file for category 'kvdate' does not exist: C:\xampp\htdocs\inlislite3\vendor\kartik-v\yii2-widget-datepicker/messages/idn/kvdate.php Fallback file does not exist as well: C:\xampp\htdocs\inlislite3\vendor\kartik-v\yii2-widget-datepicker/messages/id/kvdate.php
    in C:\xampp\htdocs\inlislite3\vendor\kartik-v\yii2-widget-datepicker\DatePicker.php:290
    in C:\xampp\htdocs\inlislite3\vendor\kartik-v\yii2-widget-datepicker\DatePicker.php:316
    in C:\xampp\htdocs\inlislite3\vendor\kartik-v\yii2-widget-datepicker\DatePicker.php:266
2025-06-25 13:11:06 [::1][33][-][info][application] $_COOKIE = [
    '_identity' => 'af3e2a0e951dec577795a0c5ffd91cd682a11d709a13aa959f261807f7b4af33a:2:{i:0;s:9:\"_identity\";i:1;s:17:\"[33,null,2592000]\";}'
    'PHPSESSID' => 'fkgss98pur6gbfma7brm5mn2p5'
    '_csrf' => '4fe1ee2ee854c5e0cf98cef21dd3d2439e3adf3893047ed9baf8fbd2c8adc158a:2:{i:0;s:5:\"_csrf\";i:1;s:32:\"Op4j1eH7uhmN1fdYP2v8vsOVrwhI2HEE\";}'
    '_backendInlislite' => '2a433bda67aba674abf835b4ac827c9814ff214831a6aef3fedfc4aef06258c0a:2:{i:0;s:17:\"_backendInlislite\";i:1;s:32:\"wMm1EPZGRcb7fcXl9Cc36yIzTOP3ZJGd\";}'
    'backendSession' => '20h74c31f8knp97pruk8s3n7s3'
]

$_SESSION = [
    '__flash' => []
    '__returnUrl' => '/inlislite3/backend/member/member/index'
    'location' => '1'
    '__id' => 33
]

$_SERVER = [
    'REDIRECT_MIBDIRS' => 'C:/xampp/php/extras/mibs'
    'REDIRECT_MYSQL_HOME' => '\\xampp\\mysql\\bin'
    'REDIRECT_OPENSSL_CONF' => 'C:/xampp/apache/bin/openssl.cnf'
    'REDIRECT_PHP_PEAR_SYSCONF_DIR' => '\\xampp\\php'
    'REDIRECT_PHPRC' => '\\xampp\\php'
    'REDIRECT_TMP' => '\\xampp\\tmp'
    'REDIRECT_STATUS' => '200'
    'MIBDIRS' => 'C:/xampp/php/extras/mibs'
    'MYSQL_HOME' => '\\xampp\\mysql\\bin'
    'OPENSSL_CONF' => 'C:/xampp/apache/bin/openssl.cnf'
    'PHP_PEAR_SYSCONF_DIR' => '\\xampp\\php'
    'PHPRC' => '\\xampp\\php'
    'TMP' => '\\xampp\\tmp'
    'HTTP_HOST' => 'localhost'
    'HTTP_CONNECTION' => 'keep-alive'
    'HTTP_SEC_CH_UA' => '\"Microsoft Edge\";v=\"137\", \"Chromium\";v=\"137\", \"Not/A)Brand\";v=\"24\"'
    'HTTP_SEC_CH_UA_MOBILE' => '?0'
    'HTTP_SEC_CH_UA_PLATFORM' => '\"Windows\"'
    'HTTP_UPGRADE_INSECURE_REQUESTS' => '1'
    'HTTP_USER_AGENT' => 'Mozilla/5.0 (Windows NT 10.0; Win64; x64) AppleWebKit/537.36 (KHTML, like Gecko) Chrome/137.0.0.0 Safari/537.36 Edg/137.0.0.0'
    'HTTP_ACCEPT' => 'text/html,application/xhtml+xml,application/xml;q=0.9,image/avif,image/webp,image/apng,*/*;q=0.8,application/signed-exchange;v=b3;q=0.7'
    'HTTP_SEC_FETCH_SITE' => 'same-origin'
    'HTTP_SEC_FETCH_MODE' => 'navigate'
    'HTTP_SEC_FETCH_USER' => '?1'
    'HTTP_SEC_FETCH_DEST' => 'document'
    'HTTP_REFERER' => 'http://localhost/inlislite3/backend/'
    'HTTP_ACCEPT_ENCODING' => 'gzip, deflate, br, zstd'
    'HTTP_ACCEPT_LANGUAGE' => 'en-GB,en;q=0.9,en-US;q=0.8'
    'HTTP_COOKIE' => '_identity=af3e2a0e951dec577795a0c5ffd91cd682a11d709a13aa959f261807f7b4af33a%3A2%3A%7Bi%3A0%3Bs%3A9%3A%22_identity%22%3Bi%3A1%3Bs%3A17%3A%22%5B33%2Cnull%2C2592000%5D%22%3B%7D; PHPSESSID=fkgss98pur6gbfma7brm5mn2p5; _csrf=4fe1ee2ee854c5e0cf98cef21dd3d2439e3adf3893047ed9baf8fbd2c8adc158a%3A2%3A%7Bi%3A0%3Bs%3A5%3A%22_csrf%22%3Bi%3A1%3Bs%3A32%3A%22Op4j1eH7uhmN1fdYP2v8vsOVrwhI2HEE%22%3B%7D; _backendInlislite=2a433bda67aba674abf835b4ac827c9814ff214831a6aef3fedfc4aef06258c0a%3A2%3A%7Bi%3A0%3Bs%3A17%3A%22_backendInlislite%22%3Bi%3A1%3Bs%3A32%3A%22wMm1EPZGRcb7fcXl9Cc36yIzTOP3ZJGd%22%3B%7D; backendSession=20h74c31f8knp97pruk8s3n7s3'
    'PATH' => 'C:\\Windows\\system32;C:\\Windows;C:\\Windows\\System32\\Wbem;C:\\Windows\\System32\\WindowsPowerShell\\v1.0\\;C:\\Windows\\System32\\OpenSSH\\;C:\\Program Files\\php-8.3.20-nts-Win32-vs16-x64;C:\\ProgramData\\ComposerSetup\\bin;C:\\Program Files\\Git\\cmd;C:\\Program Files\\Docker\\Docker\\resources\\bin;C:\\Program Files\\Go\\bin;C:\\Users\\dukeo\\AppData\\Local\\Microsoft\\WindowsApps;C:\\Users\\dukeo\\AppData\\Local\\Programs\\Microsoft VS Code\\bin;C:\\Users\\dukeo\\AppData\\Roaming\\Composer\\vendor\\bin;C:\\Users\\dukeo\\go\\bin'
    'SystemRoot' => 'C:\\Windows'
    'COMSPEC' => 'C:\\Windows\\system32\\cmd.exe'
    'PATHEXT' => '.COM;.EXE;.BAT;.CMD;.VBS;.VBE;.JS;.JSE;.WSF;.WSH;.MSC'
    'WINDIR' => 'C:\\Windows'
    'SERVER_SIGNATURE' => '<address>Apache/2.4.37 (Win32) OpenSSL/1.0.2p PHP/5.6.39 Server at localhost Port 80</address>
'
    'SERVER_SOFTWARE' => 'Apache/2.4.37 (Win32) OpenSSL/1.0.2p PHP/5.6.39'
    'SERVER_NAME' => 'localhost'
    'SERVER_ADDR' => '::1'
    'SERVER_PORT' => '80'
    'REMOTE_ADDR' => '::1'
    'DOCUMENT_ROOT' => 'C:/xampp/htdocs'
    'REQUEST_SCHEME' => 'http'
    'CONTEXT_PREFIX' => ''
    'CONTEXT_DOCUMENT_ROOT' => 'C:/xampp/htdocs'
    'SERVER_ADMIN' => 'postmaster@localhost'
    'SCRIPT_FILENAME' => 'C:/xampp/htdocs/inlislite3/backend/index.php'
    'REMOTE_PORT' => '50427'
    'REDIRECT_URL' => '/inlislite3/backend/member/member/create'
    'GATEWAY_INTERFACE' => 'CGI/1.1'
    'SERVER_PROTOCOL' => 'HTTP/1.1'
    'REQUEST_METHOD' => 'GET'
    'QUERY_STRING' => ''
    'REQUEST_URI' => '/inlislite3/backend/member/member/create'
    'SCRIPT_NAME' => '/inlislite3/backend/index.php'
    'PHP_SELF' => '/inlislite3/backend/index.php'
    'REQUEST_TIME_FLOAT' => 1750831866.056
    'REQUEST_TIME' => 1750831866
]
2025-06-25 13:12:22 [::1][33][-][error][yii\i18n\PhpMessageSource::loadFallbackMessages] The message file for category 'kvdate' does not exist: C:\xampp\htdocs\inlislite3\vendor\kartik-v\yii2-widget-datepicker/messages/idn/kvdate.php Fallback file does not exist as well: C:\xampp\htdocs\inlislite3\vendor\kartik-v\yii2-widget-datepicker/messages/id/kvdate.php
    in C:\xampp\htdocs\inlislite3\vendor\kartik-v\yii2-widget-datepicker\DatePicker.php:290
    in C:\xampp\htdocs\inlislite3\vendor\kartik-v\yii2-widget-datepicker\DatePicker.php:316
    in C:\xampp\htdocs\inlislite3\vendor\kartik-v\yii2-widget-datepicker\DatePicker.php:266
2025-06-25 13:12:21 [::1][33][-][info][application] $_COOKIE = [
    '_identity' => 'af3e2a0e951dec577795a0c5ffd91cd682a11d709a13aa959f261807f7b4af33a:2:{i:0;s:9:\"_identity\";i:1;s:17:\"[33,null,2592000]\";}'
    'PHPSESSID' => 'fkgss98pur6gbfma7brm5mn2p5'
    '_csrf' => '4fe1ee2ee854c5e0cf98cef21dd3d2439e3adf3893047ed9baf8fbd2c8adc158a:2:{i:0;s:5:\"_csrf\";i:1;s:32:\"Op4j1eH7uhmN1fdYP2v8vsOVrwhI2HEE\";}'
    '_backendInlislite' => '2a433bda67aba674abf835b4ac827c9814ff214831a6aef3fedfc4aef06258c0a:2:{i:0;s:17:\"_backendInlislite\";i:1;s:32:\"wMm1EPZGRcb7fcXl9Cc36yIzTOP3ZJGd\";}'
    'backendSession' => '20h74c31f8knp97pruk8s3n7s3'
]

$_SESSION = [
    '__flash' => []
    '__returnUrl' => '/inlislite3/backend/member/member/index'
    'location' => '1'
    '__id' => 33
]

$_SERVER = [
    'REDIRECT_MIBDIRS' => 'C:/xampp/php/extras/mibs'
    'REDIRECT_MYSQL_HOME' => '\\xampp\\mysql\\bin'
    'REDIRECT_OPENSSL_CONF' => 'C:/xampp/apache/bin/openssl.cnf'
    'REDIRECT_PHP_PEAR_SYSCONF_DIR' => '\\xampp\\php'
    'REDIRECT_PHPRC' => '\\xampp\\php'
    'REDIRECT_TMP' => '\\xampp\\tmp'
    'REDIRECT_STATUS' => '200'
    'MIBDIRS' => 'C:/xampp/php/extras/mibs'
    'MYSQL_HOME' => '\\xampp\\mysql\\bin'
    'OPENSSL_CONF' => 'C:/xampp/apache/bin/openssl.cnf'
    'PHP_PEAR_SYSCONF_DIR' => '\\xampp\\php'
    'PHPRC' => '\\xampp\\php'
    'TMP' => '\\xampp\\tmp'
    'HTTP_HOST' => 'localhost'
    'HTTP_CONNECTION' => 'keep-alive'
    'HTTP_SEC_CH_UA' => '\"Microsoft Edge\";v=\"137\", \"Chromium\";v=\"137\", \"Not/A)Brand\";v=\"24\"'
    'HTTP_SEC_CH_UA_MOBILE' => '?0'
    'HTTP_SEC_CH_UA_PLATFORM' => '\"Windows\"'
    'HTTP_UPGRADE_INSECURE_REQUESTS' => '1'
    'HTTP_USER_AGENT' => 'Mozilla/5.0 (Windows NT 10.0; Win64; x64) AppleWebKit/537.36 (KHTML, like Gecko) Chrome/137.0.0.0 Safari/537.36 Edg/137.0.0.0'
    'HTTP_ACCEPT' => 'text/html,application/xhtml+xml,application/xml;q=0.9,image/avif,image/webp,image/apng,*/*;q=0.8,application/signed-exchange;v=b3;q=0.7'
    'HTTP_SEC_FETCH_SITE' => 'same-origin'
    'HTTP_SEC_FETCH_MODE' => 'navigate'
    'HTTP_SEC_FETCH_USER' => '?1'
    'HTTP_SEC_FETCH_DEST' => 'document'
    'HTTP_REFERER' => 'http://localhost/inlislite3/backend/member/member/index'
    'HTTP_ACCEPT_ENCODING' => 'gzip, deflate, br, zstd'
    'HTTP_ACCEPT_LANGUAGE' => 'en-GB,en;q=0.9,en-US;q=0.8'
    'HTTP_COOKIE' => '_identity=af3e2a0e951dec577795a0c5ffd91cd682a11d709a13aa959f261807f7b4af33a%3A2%3A%7Bi%3A0%3Bs%3A9%3A%22_identity%22%3Bi%3A1%3Bs%3A17%3A%22%5B33%2Cnull%2C2592000%5D%22%3B%7D; PHPSESSID=fkgss98pur6gbfma7brm5mn2p5; _csrf=4fe1ee2ee854c5e0cf98cef21dd3d2439e3adf3893047ed9baf8fbd2c8adc158a%3A2%3A%7Bi%3A0%3Bs%3A5%3A%22_csrf%22%3Bi%3A1%3Bs%3A32%3A%22Op4j1eH7uhmN1fdYP2v8vsOVrwhI2HEE%22%3B%7D; _backendInlislite=2a433bda67aba674abf835b4ac827c9814ff214831a6aef3fedfc4aef06258c0a%3A2%3A%7Bi%3A0%3Bs%3A17%3A%22_backendInlislite%22%3Bi%3A1%3Bs%3A32%3A%22wMm1EPZGRcb7fcXl9Cc36yIzTOP3ZJGd%22%3B%7D; backendSession=20h74c31f8knp97pruk8s3n7s3'
    'PATH' => 'C:\\Windows\\system32;C:\\Windows;C:\\Windows\\System32\\Wbem;C:\\Windows\\System32\\WindowsPowerShell\\v1.0\\;C:\\Windows\\System32\\OpenSSH\\;C:\\Program Files\\php-8.3.20-nts-Win32-vs16-x64;C:\\ProgramData\\ComposerSetup\\bin;C:\\Program Files\\Git\\cmd;C:\\Program Files\\Docker\\Docker\\resources\\bin;C:\\Program Files\\Go\\bin;C:\\Users\\dukeo\\AppData\\Local\\Microsoft\\WindowsApps;C:\\Users\\dukeo\\AppData\\Local\\Programs\\Microsoft VS Code\\bin;C:\\Users\\dukeo\\AppData\\Roaming\\Composer\\vendor\\bin;C:\\Users\\dukeo\\go\\bin'
    'SystemRoot' => 'C:\\Windows'
    'COMSPEC' => 'C:\\Windows\\system32\\cmd.exe'
    'PATHEXT' => '.COM;.EXE;.BAT;.CMD;.VBS;.VBE;.JS;.JSE;.WSF;.WSH;.MSC'
    'WINDIR' => 'C:\\Windows'
    'SERVER_SIGNATURE' => '<address>Apache/2.4.37 (Win32) OpenSSL/1.0.2p PHP/5.6.39 Server at localhost Port 80</address>
'
    'SERVER_SOFTWARE' => 'Apache/2.4.37 (Win32) OpenSSL/1.0.2p PHP/5.6.39'
    'SERVER_NAME' => 'localhost'
    'SERVER_ADDR' => '::1'
    'SERVER_PORT' => '80'
    'REMOTE_ADDR' => '::1'
    'DOCUMENT_ROOT' => 'C:/xampp/htdocs'
    'REQUEST_SCHEME' => 'http'
    'CONTEXT_PREFIX' => ''
    'CONTEXT_DOCUMENT_ROOT' => 'C:/xampp/htdocs'
    'SERVER_ADMIN' => 'postmaster@localhost'
    'SCRIPT_FILENAME' => 'C:/xampp/htdocs/inlislite3/backend/index.php'
    'REMOTE_PORT' => '50513'
    'REDIRECT_URL' => '/inlislite3/backend/member/member/create'
    'GATEWAY_INTERFACE' => 'CGI/1.1'
    'SERVER_PROTOCOL' => 'HTTP/1.1'
    'REQUEST_METHOD' => 'GET'
    'QUERY_STRING' => ''
    'REQUEST_URI' => '/inlislite3/backend/member/member/create'
    'SCRIPT_NAME' => '/inlislite3/backend/index.php'
    'PHP_SELF' => '/inlislite3/backend/index.php'
    'REQUEST_TIME_FLOAT' => 1750831941.14
    'REQUEST_TIME' => 1750831941
]
2025-06-25 13:14:38 [::1][33][-][error][yii\i18n\PhpMessageSource::loadFallbackMessages] The message file for category 'kvdate' does not exist: C:\xampp\htdocs\inlislite3\vendor\kartik-v\yii2-widget-datepicker/messages/idn/kvdate.php Fallback file does not exist as well: C:\xampp\htdocs\inlislite3\vendor\kartik-v\yii2-widget-datepicker/messages/id/kvdate.php
    in C:\xampp\htdocs\inlislite3\vendor\kartik-v\yii2-widget-datepicker\DatePicker.php:290
    in C:\xampp\htdocs\inlislite3\vendor\kartik-v\yii2-widget-datepicker\DatePicker.php:316
    in C:\xampp\htdocs\inlislite3\vendor\kartik-v\yii2-widget-datepicker\DatePicker.php:266
2025-06-25 13:14:37 [::1][33][-][info][application] $_POST = [
    '_backendInlislite' => 'T2dpQzBUb3Q4KgRydQQ1Mx0EC3RWNzcYdiQKcAYtJg4bKDlwah4oEA=='
    'Members' => [
        'MemberNo' => 'Otomatis'
        'IdentityType_id' => '1'
        'IdentityNo' => '12323'
        'Fullname' => 'wewqeqwe'
        'PlaceOfBirth' => 'eqweqwe'
        'TglLahir' => '24-06-2025'
        'Address' => 'weqweqw'
        'Province' => 'eqwewqe'
        'City' => 'eqweqwe'
        'Kecamatan' => 'eqweq'
        'Kelurahan' => 'qweqw'
        'RT' => 'qweqw'
        'RW' => 'qweqw'
        'AddressNow' => 'asdasdasd'
        'ProvinceNow' => 'eqwewqe'
        'CityNow' => 'eqweqwe'
        'KecamatanNow' => 'eqweq'
        'KelurahanNow' => 'qweqw'
        'RTNow' => 'qweqw'
        'RWNow' => 'qweqw'
        'NoHp' => '085700010233'
        'Phone' => '085700010233'
        'Sex_id' => '2'
        'EducationLevel_id' => '2'
        'Job_id' => '4'
        'Email' => 'superadmin@gmail.com'
        'MotherMaidenName' => 'asasdasd'
        'InstitutionName' => ''
        'InstitutionAddress' => ''
        'InstitutionPhone' => ''
        'NamaDarurat' => ''
        'AlamatDarurat' => ''
        'TelpDarurat' => ''
        'StatusHubunganDarurat' => ''
        'TahunAjaran' => ''
        'Kelas_id' => ''
        'JenisAnggota_id' => '2'
        'MaritalStatus_id' => ''
        'Agama_id' => ''
        'UnitKerja_id' => ''
        'Fakultas_id' => ''
        'TglRegisterDate' => '25-06-2025'
        'TglEndDate' => '25-06-2026'
        'StatusAnggota_id' => '3'
        'KeteranganLain' => ''
        'BiayaPendaftaran' => ''
        'IsLunasBiayaPendaftaran' => '0'
        'locationCategory' => [
            0 => '1'
            1 => '5'
        ]
        'collectioncategory' => ''
        'collectionCategory' => [
            0 => '1'
            1 => '7'
            2 => '8'
        ]
    ]
    'duplicateAddrs' => '1'
]

$_COOKIE = [
    '_identity' => 'af3e2a0e951dec577795a0c5ffd91cd682a11d709a13aa959f261807f7b4af33a:2:{i:0;s:9:\"_identity\";i:1;s:17:\"[33,null,2592000]\";}'
    'PHPSESSID' => 'fkgss98pur6gbfma7brm5mn2p5'
    '_csrf' => '4fe1ee2ee854c5e0cf98cef21dd3d2439e3adf3893047ed9baf8fbd2c8adc158a:2:{i:0;s:5:\"_csrf\";i:1;s:32:\"Op4j1eH7uhmN1fdYP2v8vsOVrwhI2HEE\";}'
    '_backendInlislite' => '2a433bda67aba674abf835b4ac827c9814ff214831a6aef3fedfc4aef06258c0a:2:{i:0;s:17:\"_backendInlislite\";i:1;s:32:\"wMm1EPZGRcb7fcXl9Cc36yIzTOP3ZJGd\";}'
    'backendSession' => '20h74c31f8knp97pruk8s3n7s3'
]

$_SESSION = [
    '__flash' => [
        'success' => 1
    ]
    '__returnUrl' => '/inlislite3/backend/member/member/index'
    'location' => '1'
    '__id' => 33
    'success' => [
        'type' => 'info'
        'duration' => 500
        'icon' => 'fa fa-info-circle'
        'message' => 'Berhasil disimpan'
        'title' => 'Info'
        'positonY' => 'top'
        'positonX' => 'center'
    ]
]

$_SERVER = [
    'REDIRECT_MIBDIRS' => 'C:/xampp/php/extras/mibs'
    'REDIRECT_MYSQL_HOME' => '\\xampp\\mysql\\bin'
    'REDIRECT_OPENSSL_CONF' => 'C:/xampp/apache/bin/openssl.cnf'
    'REDIRECT_PHP_PEAR_SYSCONF_DIR' => '\\xampp\\php'
    'REDIRECT_PHPRC' => '\\xampp\\php'
    'REDIRECT_TMP' => '\\xampp\\tmp'
    'REDIRECT_STATUS' => '200'
    'MIBDIRS' => 'C:/xampp/php/extras/mibs'
    'MYSQL_HOME' => '\\xampp\\mysql\\bin'
    'OPENSSL_CONF' => 'C:/xampp/apache/bin/openssl.cnf'
    'PHP_PEAR_SYSCONF_DIR' => '\\xampp\\php'
    'PHPRC' => '\\xampp\\php'
    'TMP' => '\\xampp\\tmp'
    'HTTP_HOST' => 'localhost'
    'HTTP_CONNECTION' => 'keep-alive'
    'CONTENT_LENGTH' => '1766'
    'HTTP_CACHE_CONTROL' => 'max-age=0'
    'HTTP_SEC_CH_UA' => '\"Microsoft Edge\";v=\"137\", \"Chromium\";v=\"137\", \"Not/A)Brand\";v=\"24\"'
    'HTTP_SEC_CH_UA_MOBILE' => '?0'
    'HTTP_SEC_CH_UA_PLATFORM' => '\"Windows\"'
    'HTTP_ORIGIN' => 'http://localhost'
    'CONTENT_TYPE' => 'application/x-www-form-urlencoded'
    'HTTP_UPGRADE_INSECURE_REQUESTS' => '1'
    'HTTP_USER_AGENT' => 'Mozilla/5.0 (Windows NT 10.0; Win64; x64) AppleWebKit/537.36 (KHTML, like Gecko) Chrome/137.0.0.0 Safari/537.36 Edg/137.0.0.0'
    'HTTP_ACCEPT' => 'text/html,application/xhtml+xml,application/xml;q=0.9,image/avif,image/webp,image/apng,*/*;q=0.8,application/signed-exchange;v=b3;q=0.7'
    'HTTP_SEC_FETCH_SITE' => 'same-origin'
    'HTTP_SEC_FETCH_MODE' => 'navigate'
    'HTTP_SEC_FETCH_USER' => '?1'
    'HTTP_SEC_FETCH_DEST' => 'document'
    'HTTP_REFERER' => 'http://localhost/inlislite3/backend/member/member/create'
    'HTTP_ACCEPT_ENCODING' => 'gzip, deflate, br, zstd'
    'HTTP_ACCEPT_LANGUAGE' => 'en-GB,en;q=0.9,en-US;q=0.8'
    'HTTP_COOKIE' => '_identity=af3e2a0e951dec577795a0c5ffd91cd682a11d709a13aa959f261807f7b4af33a%3A2%3A%7Bi%3A0%3Bs%3A9%3A%22_identity%22%3Bi%3A1%3Bs%3A17%3A%22%5B33%2Cnull%2C2592000%5D%22%3B%7D; PHPSESSID=fkgss98pur6gbfma7brm5mn2p5; _csrf=4fe1ee2ee854c5e0cf98cef21dd3d2439e3adf3893047ed9baf8fbd2c8adc158a%3A2%3A%7Bi%3A0%3Bs%3A5%3A%22_csrf%22%3Bi%3A1%3Bs%3A32%3A%22Op4j1eH7uhmN1fdYP2v8vsOVrwhI2HEE%22%3B%7D; _backendInlislite=2a433bda67aba674abf835b4ac827c9814ff214831a6aef3fedfc4aef06258c0a%3A2%3A%7Bi%3A0%3Bs%3A17%3A%22_backendInlislite%22%3Bi%3A1%3Bs%3A32%3A%22wMm1EPZGRcb7fcXl9Cc36yIzTOP3ZJGd%22%3B%7D; backendSession=20h74c31f8knp97pruk8s3n7s3'
    'PATH' => 'C:\\Windows\\system32;C:\\Windows;C:\\Windows\\System32\\Wbem;C:\\Windows\\System32\\WindowsPowerShell\\v1.0\\;C:\\Windows\\System32\\OpenSSH\\;C:\\Program Files\\php-8.3.20-nts-Win32-vs16-x64;C:\\ProgramData\\ComposerSetup\\bin;C:\\Program Files\\Git\\cmd;C:\\Program Files\\Docker\\Docker\\resources\\bin;C:\\Program Files\\Go\\bin;C:\\Users\\dukeo\\AppData\\Local\\Microsoft\\WindowsApps;C:\\Users\\dukeo\\AppData\\Local\\Programs\\Microsoft VS Code\\bin;C:\\Users\\dukeo\\AppData\\Roaming\\Composer\\vendor\\bin;C:\\Users\\dukeo\\go\\bin'
    'SystemRoot' => 'C:\\Windows'
    'COMSPEC' => 'C:\\Windows\\system32\\cmd.exe'
    'PATHEXT' => '.COM;.EXE;.BAT;.CMD;.VBS;.VBE;.JS;.JSE;.WSF;.WSH;.MSC'
    'WINDIR' => 'C:\\Windows'
    'SERVER_SIGNATURE' => '<address>Apache/2.4.37 (Win32) OpenSSL/1.0.2p PHP/5.6.39 Server at localhost Port 80</address>
'
    'SERVER_SOFTWARE' => 'Apache/2.4.37 (Win32) OpenSSL/1.0.2p PHP/5.6.39'
    'SERVER_NAME' => 'localhost'
    'SERVER_ADDR' => '::1'
    'SERVER_PORT' => '80'
    'REMOTE_ADDR' => '::1'
    'DOCUMENT_ROOT' => 'C:/xampp/htdocs'
    'REQUEST_SCHEME' => 'http'
    'CONTEXT_PREFIX' => ''
    'CONTEXT_DOCUMENT_ROOT' => 'C:/xampp/htdocs'
    'SERVER_ADMIN' => 'postmaster@localhost'
    'SCRIPT_FILENAME' => 'C:/xampp/htdocs/inlislite3/backend/index.php'
    'REMOTE_PORT' => '50686'
    'REDIRECT_URL' => '/inlislite3/backend/member/member/create'
    'GATEWAY_INTERFACE' => 'CGI/1.1'
    'SERVER_PROTOCOL' => 'HTTP/1.1'
    'REQUEST_METHOD' => 'POST'
    'QUERY_STRING' => ''
    'REQUEST_URI' => '/inlislite3/backend/member/member/create'
    'SCRIPT_NAME' => '/inlislite3/backend/index.php'
    'PHP_SELF' => '/inlislite3/backend/index.php'
    'REQUEST_TIME_FLOAT' => 1750832076.976
    'REQUEST_TIME' => 1750832076
]
2025-06-25 13:14:34 [::1][33][-][error][yii\i18n\PhpMessageSource::loadFallbackMessages] The message file for category 'kvdate' does not exist: C:\xampp\htdocs\inlislite3\vendor\kartik-v\yii2-widget-datepicker/messages/idn/kvdate.php Fallback file does not exist as well: C:\xampp\htdocs\inlislite3\vendor\kartik-v\yii2-widget-datepicker/messages/id/kvdate.php
    in C:\xampp\htdocs\inlislite3\vendor\kartik-v\yii2-widget-datepicker\DatePicker.php:290
    in C:\xampp\htdocs\inlislite3\vendor\kartik-v\yii2-widget-datepicker\DatePicker.php:316
    in C:\xampp\htdocs\inlislite3\vendor\kartik-v\yii2-widget-datepicker\DatePicker.php:266
2025-06-25 13:14:31 [::1][33][-][info][application] $_GET = [
    'id' => '2'
]

$_COOKIE = [
    '_identity' => 'af3e2a0e951dec577795a0c5ffd91cd682a11d709a13aa959f261807f7b4af33a:2:{i:0;s:9:\"_identity\";i:1;s:17:\"[33,null,2592000]\";}'
    'PHPSESSID' => 'fkgss98pur6gbfma7brm5mn2p5'
    '_csrf' => '4fe1ee2ee854c5e0cf98cef21dd3d2439e3adf3893047ed9baf8fbd2c8adc158a:2:{i:0;s:5:\"_csrf\";i:1;s:32:\"Op4j1eH7uhmN1fdYP2v8vsOVrwhI2HEE\";}'
    '_backendInlislite' => '2a433bda67aba674abf835b4ac827c9814ff214831a6aef3fedfc4aef06258c0a:2:{i:0;s:17:\"_backendInlislite\";i:1;s:32:\"wMm1EPZGRcb7fcXl9Cc36yIzTOP3ZJGd\";}'
    'backendSession' => '20h74c31f8knp97pruk8s3n7s3'
]

$_SESSION = [
    '__flash' => [
        'success' => 1
    ]
    '__returnUrl' => '/inlislite3/backend/member/member/index'
    'location' => '1'
    '__id' => 33
    'success' => [
        'type' => 'info'
        'duration' => 500
        'icon' => 'fa fa-info-circle'
        'message' => 'Berhasil disimpan'
        'title' => 'Info'
        'positonY' => 'top'
        'positonX' => 'center'
    ]
]

$_SERVER = [
    'REDIRECT_MIBDIRS' => 'C:/xampp/php/extras/mibs'
    'REDIRECT_MYSQL_HOME' => '\\xampp\\mysql\\bin'
    'REDIRECT_OPENSSL_CONF' => 'C:/xampp/apache/bin/openssl.cnf'
    'REDIRECT_PHP_PEAR_SYSCONF_DIR' => '\\xampp\\php'
    'REDIRECT_PHPRC' => '\\xampp\\php'
    'REDIRECT_TMP' => '\\xampp\\tmp'
    'REDIRECT_STATUS' => '200'
    'MIBDIRS' => 'C:/xampp/php/extras/mibs'
    'MYSQL_HOME' => '\\xampp\\mysql\\bin'
    'OPENSSL_CONF' => 'C:/xampp/apache/bin/openssl.cnf'
    'PHP_PEAR_SYSCONF_DIR' => '\\xampp\\php'
    'PHPRC' => '\\xampp\\php'
    'TMP' => '\\xampp\\tmp'
    'HTTP_HOST' => 'localhost'
    'HTTP_CONNECTION' => 'keep-alive'
    'HTTP_CACHE_CONTROL' => 'max-age=0'
    'HTTP_UPGRADE_INSECURE_REQUESTS' => '1'
    'HTTP_USER_AGENT' => 'Mozilla/5.0 (Windows NT 10.0; Win64; x64) AppleWebKit/537.36 (KHTML, like Gecko) Chrome/137.0.0.0 Safari/537.36 Edg/137.0.0.0'
    'HTTP_ACCEPT' => 'text/html,application/xhtml+xml,application/xml;q=0.9,image/avif,image/webp,image/apng,*/*;q=0.8,application/signed-exchange;v=b3;q=0.7'
    'HTTP_SEC_FETCH_SITE' => 'same-origin'
    'HTTP_SEC_FETCH_MODE' => 'navigate'
    'HTTP_SEC_FETCH_USER' => '?1'
    'HTTP_SEC_FETCH_DEST' => 'document'
    'HTTP_SEC_CH_UA' => '\"Microsoft Edge\";v=\"137\", \"Chromium\";v=\"137\", \"Not/A)Brand\";v=\"24\"'
    'HTTP_SEC_CH_UA_MOBILE' => '?0'
    'HTTP_SEC_CH_UA_PLATFORM' => '\"Windows\"'
    'HTTP_REFERER' => 'http://localhost/inlislite3/backend/member/member/create'
    'HTTP_ACCEPT_ENCODING' => 'gzip, deflate, br, zstd'
    'HTTP_ACCEPT_LANGUAGE' => 'en-GB,en;q=0.9,en-US;q=0.8'
    'HTTP_COOKIE' => '_identity=af3e2a0e951dec577795a0c5ffd91cd682a11d709a13aa959f261807f7b4af33a%3A2%3A%7Bi%3A0%3Bs%3A9%3A%22_identity%22%3Bi%3A1%3Bs%3A17%3A%22%5B33%2Cnull%2C2592000%5D%22%3B%7D; PHPSESSID=fkgss98pur6gbfma7brm5mn2p5; _csrf=4fe1ee2ee854c5e0cf98cef21dd3d2439e3adf3893047ed9baf8fbd2c8adc158a%3A2%3A%7Bi%3A0%3Bs%3A5%3A%22_csrf%22%3Bi%3A1%3Bs%3A32%3A%22Op4j1eH7uhmN1fdYP2v8vsOVrwhI2HEE%22%3B%7D; _backendInlislite=2a433bda67aba674abf835b4ac827c9814ff214831a6aef3fedfc4aef06258c0a%3A2%3A%7Bi%3A0%3Bs%3A17%3A%22_backendInlislite%22%3Bi%3A1%3Bs%3A32%3A%22wMm1EPZGRcb7fcXl9Cc36yIzTOP3ZJGd%22%3B%7D; backendSession=20h74c31f8knp97pruk8s3n7s3'
    'PATH' => 'C:\\Windows\\system32;C:\\Windows;C:\\Windows\\System32\\Wbem;C:\\Windows\\System32\\WindowsPowerShell\\v1.0\\;C:\\Windows\\System32\\OpenSSH\\;C:\\Program Files\\php-8.3.20-nts-Win32-vs16-x64;C:\\ProgramData\\ComposerSetup\\bin;C:\\Program Files\\Git\\cmd;C:\\Program Files\\Docker\\Docker\\resources\\bin;C:\\Program Files\\Go\\bin;C:\\Users\\dukeo\\AppData\\Local\\Microsoft\\WindowsApps;C:\\Users\\dukeo\\AppData\\Local\\Programs\\Microsoft VS Code\\bin;C:\\Users\\dukeo\\AppData\\Roaming\\Composer\\vendor\\bin;C:\\Users\\dukeo\\go\\bin'
    'SystemRoot' => 'C:\\Windows'
    'COMSPEC' => 'C:\\Windows\\system32\\cmd.exe'
    'PATHEXT' => '.COM;.EXE;.BAT;.CMD;.VBS;.VBE;.JS;.JSE;.WSF;.WSH;.MSC'
    'WINDIR' => 'C:\\Windows'
    'SERVER_SIGNATURE' => '<address>Apache/2.4.37 (Win32) OpenSSL/1.0.2p PHP/5.6.39 Server at localhost Port 80</address>
'
    'SERVER_SOFTWARE' => 'Apache/2.4.37 (Win32) OpenSSL/1.0.2p PHP/5.6.39'
    'SERVER_NAME' => 'localhost'
    'SERVER_ADDR' => '::1'
    'SERVER_PORT' => '80'
    'REMOTE_ADDR' => '::1'
    'DOCUMENT_ROOT' => 'C:/xampp/htdocs'
    'REQUEST_SCHEME' => 'http'
    'CONTEXT_PREFIX' => ''
    'CONTEXT_DOCUMENT_ROOT' => 'C:/xampp/htdocs'
    'SERVER_ADMIN' => 'postmaster@localhost'
    'SCRIPT_FILENAME' => 'C:/xampp/htdocs/inlislite3/backend/index.php'
    'REMOTE_PORT' => '50663'
    'REDIRECT_URL' => '/inlislite3/backend/member/member/update'
    'REDIRECT_QUERY_STRING' => 'id=2'
    'GATEWAY_INTERFACE' => 'CGI/1.1'
    'SERVER_PROTOCOL' => 'HTTP/1.1'
    'REQUEST_METHOD' => 'GET'
    'QUERY_STRING' => 'id=2'
    'REQUEST_URI' => '/inlislite3/backend/member/member/update?id=2'
    'SCRIPT_NAME' => '/inlislite3/backend/index.php'
    'PHP_SELF' => '/inlislite3/backend/index.php'
    'REQUEST_TIME_FLOAT' => 1750832071.299
    'REQUEST_TIME' => 1750832071
]
2025-06-25 13:15:06 [::1][33][-][error][yii\i18n\PhpMessageSource::loadFallbackMessages] The message file for category 'kvdate' does not exist: C:\xampp\htdocs\inlislite3\vendor\kartik-v\yii2-widget-datepicker/messages/idn/kvdate.php Fallback file does not exist as well: C:\xampp\htdocs\inlislite3\vendor\kartik-v\yii2-widget-datepicker/messages/id/kvdate.php
    in C:\xampp\htdocs\inlislite3\vendor\kartik-v\yii2-widget-datepicker\DatePicker.php:290
    in C:\xampp\htdocs\inlislite3\vendor\kartik-v\yii2-widget-datepicker\DatePicker.php:316
    in C:\xampp\htdocs\inlislite3\vendor\kartik-v\yii2-widget-datepicker\DatePicker.php:266
2025-06-25 13:15:05 [::1][33][-][info][application] $_GET = [
    'id' => '3'
]

$_COOKIE = [
    '_identity' => 'af3e2a0e951dec577795a0c5ffd91cd682a11d709a13aa959f261807f7b4af33a:2:{i:0;s:9:\"_identity\";i:1;s:17:\"[33,null,2592000]\";}'
    'PHPSESSID' => 'fkgss98pur6gbfma7brm5mn2p5'
    '_csrf' => '4fe1ee2ee854c5e0cf98cef21dd3d2439e3adf3893047ed9baf8fbd2c8adc158a:2:{i:0;s:5:\"_csrf\";i:1;s:32:\"Op4j1eH7uhmN1fdYP2v8vsOVrwhI2HEE\";}'
    '_backendInlislite' => '2a433bda67aba674abf835b4ac827c9814ff214831a6aef3fedfc4aef06258c0a:2:{i:0;s:17:\"_backendInlislite\";i:1;s:32:\"wMm1EPZGRcb7fcXl9Cc36yIzTOP3ZJGd\";}'
    'backendSession' => '20h74c31f8knp97pruk8s3n7s3'
]

$_SESSION = [
    '__flash' => [
        'success' => 1
    ]
    '__returnUrl' => '/inlislite3/backend/member/member/index'
    'location' => '1'
    '__id' => 33
    'success' => [
        'type' => 'info'
        'duration' => 500
        'icon' => 'fa fa-info-circle'
        'message' => 'Berhasil disimpan'
        'title' => 'Info'
        'positonY' => 'top'
        'positonX' => 'center'
    ]
]

$_SERVER = [
    'REDIRECT_MIBDIRS' => 'C:/xampp/php/extras/mibs'
    'REDIRECT_MYSQL_HOME' => '\\xampp\\mysql\\bin'
    'REDIRECT_OPENSSL_CONF' => 'C:/xampp/apache/bin/openssl.cnf'
    'REDIRECT_PHP_PEAR_SYSCONF_DIR' => '\\xampp\\php'
    'REDIRECT_PHPRC' => '\\xampp\\php'
    'REDIRECT_TMP' => '\\xampp\\tmp'
    'REDIRECT_STATUS' => '200'
    'MIBDIRS' => 'C:/xampp/php/extras/mibs'
    'MYSQL_HOME' => '\\xampp\\mysql\\bin'
    'OPENSSL_CONF' => 'C:/xampp/apache/bin/openssl.cnf'
    'PHP_PEAR_SYSCONF_DIR' => '\\xampp\\php'
    'PHPRC' => '\\xampp\\php'
    'TMP' => '\\xampp\\tmp'
    'HTTP_HOST' => 'localhost'
    'HTTP_CONNECTION' => 'keep-alive'
    'HTTP_CACHE_CONTROL' => 'max-age=0'
    'HTTP_UPGRADE_INSECURE_REQUESTS' => '1'
    'HTTP_USER_AGENT' => 'Mozilla/5.0 (Windows NT 10.0; Win64; x64) AppleWebKit/537.36 (KHTML, like Gecko) Chrome/137.0.0.0 Safari/537.36 Edg/137.0.0.0'
    'HTTP_ACCEPT' => 'text/html,application/xhtml+xml,application/xml;q=0.9,image/avif,image/webp,image/apng,*/*;q=0.8,application/signed-exchange;v=b3;q=0.7'
    'HTTP_SEC_FETCH_SITE' => 'same-origin'
    'HTTP_SEC_FETCH_MODE' => 'navigate'
    'HTTP_SEC_FETCH_USER' => '?1'
    'HTTP_SEC_FETCH_DEST' => 'document'
    'HTTP_SEC_CH_UA' => '\"Microsoft Edge\";v=\"137\", \"Chromium\";v=\"137\", \"Not/A)Brand\";v=\"24\"'
    'HTTP_SEC_CH_UA_MOBILE' => '?0'
    'HTTP_SEC_CH_UA_PLATFORM' => '\"Windows\"'
    'HTTP_REFERER' => 'http://localhost/inlislite3/backend/member/member/create'
    'HTTP_ACCEPT_ENCODING' => 'gzip, deflate, br, zstd'
    'HTTP_ACCEPT_LANGUAGE' => 'en-GB,en;q=0.9,en-US;q=0.8'
    'HTTP_COOKIE' => '_identity=af3e2a0e951dec577795a0c5ffd91cd682a11d709a13aa959f261807f7b4af33a%3A2%3A%7Bi%3A0%3Bs%3A9%3A%22_identity%22%3Bi%3A1%3Bs%3A17%3A%22%5B33%2Cnull%2C2592000%5D%22%3B%7D; PHPSESSID=fkgss98pur6gbfma7brm5mn2p5; _csrf=4fe1ee2ee854c5e0cf98cef21dd3d2439e3adf3893047ed9baf8fbd2c8adc158a%3A2%3A%7Bi%3A0%3Bs%3A5%3A%22_csrf%22%3Bi%3A1%3Bs%3A32%3A%22Op4j1eH7uhmN1fdYP2v8vsOVrwhI2HEE%22%3B%7D; _backendInlislite=2a433bda67aba674abf835b4ac827c9814ff214831a6aef3fedfc4aef06258c0a%3A2%3A%7Bi%3A0%3Bs%3A17%3A%22_backendInlislite%22%3Bi%3A1%3Bs%3A32%3A%22wMm1EPZGRcb7fcXl9Cc36yIzTOP3ZJGd%22%3B%7D; backendSession=20h74c31f8knp97pruk8s3n7s3'
    'PATH' => 'C:\\Windows\\system32;C:\\Windows;C:\\Windows\\System32\\Wbem;C:\\Windows\\System32\\WindowsPowerShell\\v1.0\\;C:\\Windows\\System32\\OpenSSH\\;C:\\Program Files\\php-8.3.20-nts-Win32-vs16-x64;C:\\ProgramData\\ComposerSetup\\bin;C:\\Program Files\\Git\\cmd;C:\\Program Files\\Docker\\Docker\\resources\\bin;C:\\Program Files\\Go\\bin;C:\\Users\\dukeo\\AppData\\Local\\Microsoft\\WindowsApps;C:\\Users\\dukeo\\AppData\\Local\\Programs\\Microsoft VS Code\\bin;C:\\Users\\dukeo\\AppData\\Roaming\\Composer\\vendor\\bin;C:\\Users\\dukeo\\go\\bin'
    'SystemRoot' => 'C:\\Windows'
    'COMSPEC' => 'C:\\Windows\\system32\\cmd.exe'
    'PATHEXT' => '.COM;.EXE;.BAT;.CMD;.VBS;.VBE;.JS;.JSE;.WSF;.WSH;.MSC'
    'WINDIR' => 'C:\\Windows'
    'SERVER_SIGNATURE' => '<address>Apache/2.4.37 (Win32) OpenSSL/1.0.2p PHP/5.6.39 Server at localhost Port 80</address>
'
    'SERVER_SOFTWARE' => 'Apache/2.4.37 (Win32) OpenSSL/1.0.2p PHP/5.6.39'
    'SERVER_NAME' => 'localhost'
    'SERVER_ADDR' => '::1'
    'SERVER_PORT' => '80'
    'REMOTE_ADDR' => '::1'
    'DOCUMENT_ROOT' => 'C:/xampp/htdocs'
    'REQUEST_SCHEME' => 'http'
    'CONTEXT_PREFIX' => ''
    'CONTEXT_DOCUMENT_ROOT' => 'C:/xampp/htdocs'
    'SERVER_ADMIN' => 'postmaster@localhost'
    'SCRIPT_FILENAME' => 'C:/xampp/htdocs/inlislite3/backend/index.php'
    'REMOTE_PORT' => '50705'
    'REDIRECT_URL' => '/inlislite3/backend/member/member/update'
    'REDIRECT_QUERY_STRING' => 'id=3'
    'GATEWAY_INTERFACE' => 'CGI/1.1'
    'SERVER_PROTOCOL' => 'HTTP/1.1'
    'REQUEST_METHOD' => 'GET'
    'QUERY_STRING' => 'id=3'
    'REQUEST_URI' => '/inlislite3/backend/member/member/update?id=3'
    'SCRIPT_NAME' => '/inlislite3/backend/index.php'
    'PHP_SELF' => '/inlislite3/backend/index.php'
    'REQUEST_TIME_FLOAT' => 1750832104.933
    'REQUEST_TIME' => 1750832104
]
